<?xml version="1.0" encoding="UTF-8"?>
<testng-results skipped="0" failed="0" ignored="0" total="3" passed="3">
  <reporter-output>
  </reporter-output>
  <suite name="Default suite" duration-ms="334874" started-at="2020-08-16T16:03:25Z" finished-at="2020-08-16T16:09:00Z">
    <groups>
    </groups>
    <test name="Default test" duration-ms="334874" started-at="2020-08-16T16:03:25Z" finished-at="2020-08-16T16:09:00Z">
      <class name="ecommerce.hybrid.testrunner.HybridTestRunner">
        <test-method status="PASS" signature="beforeTest()[pri:0, instance:ecommerce.hybrid.testrunner.HybridTestRunner@464a14]" name="beforeTest" is-config="true" duration-ms="21728" started-at="2020-08-16T16:03:25Z" finished-at="2020-08-16T16:03:47Z">
          <reporter-output>
          </reporter-output>
        </test-method> <!-- beforeTest -->
        <test-method status="PASS" signature="TC01()[pri:0, instance:ecommerce.hybrid.testrunner.HybridTestRunner@464a14]" name="TC01" duration-ms="148023" started-at="2020-08-16T16:03:47Z" finished-at="2020-08-16T16:06:15Z">
          <reporter-output>
          </reporter-output>
        </test-method> <!-- TC01 -->
        <test-method status="PASS" signature="TC02()[pri:1, instance:ecommerce.hybrid.testrunner.HybridTestRunner@464a14]" name="TC02" duration-ms="70479" started-at="2020-08-16T16:06:15Z" finished-at="2020-08-16T16:07:25Z">
          <reporter-output>
          </reporter-output>
        </test-method> <!-- TC02 -->
        <test-method status="PASS" signature="TC03()[pri:3, instance:ecommerce.hybrid.testrunner.HybridTestRunner@464a14]" name="TC03" duration-ms="94577" started-at="2020-08-16T16:07:25Z" finished-at="2020-08-16T16:09:00Z">
          <reporter-output>
          </reporter-output>
        </test-method> <!-- TC03 -->
        <test-method status="FAIL" signature="afterTest()[pri:0, instance:ecommerce.hybrid.testrunner.HybridTestRunner@464a14]" name="afterTest" is-config="true" duration-ms="1" started-at="2020-08-16T16:09:00Z" finished-at="2020-08-16T16:09:00Z">
          <exception class="java.lang.NullPointerException">
            <full-stacktrace>
              <![CDATA[java.lang.NullPointerException
at ecommerce.hybrid.testrunner.HybridTestRunner.afterTest(HybridTestRunner.java:119)
at sun.reflect.NativeMethodAccessorImpl.invoke0(Native Method)
at sun.reflect.NativeMethodAccessorImpl.invoke(Unknown Source)
at sun.reflect.DelegatingMethodAccessorImpl.invoke(Unknown Source)
at java.lang.reflect.Method.invoke(Unknown Source)
at org.testng.internal.MethodInvocationHelper.invokeMethod(MethodInvocationHelper.java:124)
at org.testng.internal.MethodInvocationHelper.invokeMethodConsideringTimeout(MethodInvocationHelper.java:59)
at org.testng.internal.Invoker.invokeConfigurationMethod(Invoker.java:458)
at org.testng.internal.Invoker.invokeConfigurations(Invoker.java:222)
at org.testng.internal.Invoker.invokeConfigurations(Invoker.java:142)
at org.testng.TestRunner.afterRun(TestRunner.java:725)
at org.testng.TestRunner.run(TestRunner.java:509)
at org.testng.SuiteRunner.runTest(SuiteRunner.java:455)
at org.testng.SuiteRunner.runSequentially(SuiteRunner.java:450)
at org.testng.SuiteRunner.privateRun(SuiteRunner.java:415)
at org.testng.SuiteRunner.run(SuiteRunner.java:364)
at org.testng.SuiteRunnerWorker.runSuite(SuiteRunnerWorker.java:52)
at org.testng.SuiteRunnerWorker.run(SuiteRunnerWorker.java:84)
at org.testng.TestNG.runSuitesSequentially(TestNG.java:1208)
at org.testng.TestNG.runSuitesLocally(TestNG.java:1137)
at org.testng.TestNG.runSuites(TestNG.java:1049)
at org.testng.TestNG.run(TestNG.java:1017)
at org.testng.remote.AbstractRemoteTestNG.run(AbstractRemoteTestNG.java:114)
at org.testng.remote.RemoteTestNG.initAndRun(RemoteTestNG.java:251)
at org.testng.remote.RemoteTestNG.main(RemoteTestNG.java:77)
]]>
            </full-stacktrace>
          </exception> <!-- java.lang.NullPointerException -->
          <reporter-output>
          </reporter-output>
        </test-method> <!-- afterTest -->
      </class> <!-- ecommerce.hybrid.testrunner.HybridTestRunner -->
    </test> <!-- Default test -->
  </suite> <!-- Default suite -->
</testng-results>
